<?xml version="1.0" encoding="UTF-8"?>
<testng-results skipped="0" failed="0" ignored="0" total="1" passed="1">
  <reporter-output>
  </reporter-output>
  <suite name="Suite" duration-ms="8655" started-at="2018-02-04T11:42:26Z" finished-at="2018-02-04T11:42:34Z">
    <groups>
    </groups>
    <test name="Test" duration-ms="8655" started-at="2018-02-04T11:42:26Z" finished-at="2018-02-04T11:42:34Z">
      <class name="qsp.Demo">
        <test-method status="PASS" signature="testA()[pri:0, instance:qsp.Demo@35851384]" name="testA" duration-ms="8640" started-at="2018-02-04T17:12:26Z" finished-at="2018-02-04T17:12:34Z">
          <reporter-output>
          </reporter-output>
        </test-method> <!-- testA -->
      </class> <!-- qsp.Demo -->
    </test> <!-- Test -->
  </suite> <!-- Suite -->
</testng-results>
